<?xml version="1.0" encoding="UTF-8"?>
<testng-results ignored="0" total="3" passed="2" failed="1" skipped="0">
  <reporter-output>
    <line>
      <![CDATA[[Snapshot]:<a href=./screenshots/___Oct_23_2018_08_04_11PM_.png target='_blank'>Click Here</a>]]>
    </line>
  </reporter-output>
  <suite started-at="2018-10-23T14:33:40Z" name="Tests" finished-at="2018-10-23T14:35:13Z" duration-ms="93282">
    <groups>
    </groups>
    <test started-at="2018-10-23T14:33:40Z" name="TicketSwap" finished-at="2018-10-23T14:35:13Z" duration-ms="93282">
      <class name="TicketSwap.SampleTest.NewTest">
        <test-method is-config="true" signature="launchApp()[pri:0, instance:TicketSwap.SampleTest.NewTest@20ccf40b]" started-at="2018-10-23T14:33:40Z" name="launchApp" finished-at="2018-10-23T14:34:01Z" duration-ms="20671" status="PASS">
          <reporter-output>
          </reporter-output>
        </test-method> <!-- launchApp -->
        <test-method signature="sellTicket()[pri:0, instance:TicketSwap.SampleTest.NewTest@20ccf40b]" started-at="2018-10-23T14:34:01Z" name="sellTicket" description="Prerequisite: User should be logged in//TC-1: When user taps on any venue from Home tab, he should be redirected to detail page of that venue only
	//TC-2: When user taps on any event from Home tab, he should be redirected to detail page of that event only
	//TC-3: USer should be redirected to File select screen when tappe don &#039;Select File&#039; button
	//TC-4: User should be redirected back to the app if he cancels the operation of uploading the file." finished-at="2018-10-23T14:34:11Z" duration-ms="10966" status="FAIL">
          <exception class="org.openqa.selenium.NoSuchElementException">
            <message>
              <![CDATA[An element could not be located on the page using the given search parameters. (WARNING: The server did not provide any stacktrace information)
Command duration or timeout: 0 milliseconds
For documentation on this error, please visit: http://seleniumhq.org/exceptions/no_such_element.html
Build info: version: '3.8.1', revision: '6e95a6684b', time: '2017-12-01T18:33:54.468Z'
System info: host: 'LTB0203249-MAC.local', ip: '192.168.1.7', os.name: 'Mac OS X', os.arch: 'x86_64', os.version: '10.13.5', java.version: '9.0.1'
Driver info: io.appium.java_client.android.AndroidDriver
Capabilities {appActivity: com.ticketswap.android.ui.L..., appPackage: com.ticketswap.ticketswap, browserName: , databaseEnabled: false, desired: {appActivity: com.ticketswap.android.ui.L..., appPackage: com.ticketswap.ticketswap, browserName: , deviceName: ABC, newCommandTimeout: 180, noReset: true, platformName: android}, deviceManufacturer: OnePlus, deviceModel: ONEPLUS A5000, deviceName: 10986c10, deviceScreenSize: 1080x1920, deviceUDID: 10986c10, javascriptEnabled: true, locationContextEnabled: false, networkConnectionEnabled: true, newCommandTimeout: 180, noReset: true, platform: LINUX, platformName: LINUX, platformVersion: 8.1.0, takesScreenshot: true, warnings: {}, webStorageEnabled: false}
Session ID: e5b03b67-57d3-4b05-a59c-828f7923146f
*** Element info: {Using=xpath, value=//*[android.view.View[contains(@text,'Regular')]]}]]>
            </message>
            <full-stacktrace>
              <![CDATA[org.openqa.selenium.NoSuchElementException: An element could not be located on the page using the given search parameters. (WARNING: The server did not provide any stacktrace information)
Command duration or timeout: 0 milliseconds
For documentation on this error, please visit: http://seleniumhq.org/exceptions/no_such_element.html
Build info: version: '3.8.1', revision: '6e95a6684b', time: '2017-12-01T18:33:54.468Z'
System info: host: 'LTB0203249-MAC.local', ip: '192.168.1.7', os.name: 'Mac OS X', os.arch: 'x86_64', os.version: '10.13.5', java.version: '9.0.1'
Driver info: io.appium.java_client.android.AndroidDriver
Capabilities {appActivity: com.ticketswap.android.ui.L..., appPackage: com.ticketswap.ticketswap, browserName: , databaseEnabled: false, desired: {appActivity: com.ticketswap.android.ui.L..., appPackage: com.ticketswap.ticketswap, browserName: , deviceName: ABC, newCommandTimeout: 180, noReset: true, platformName: android}, deviceManufacturer: OnePlus, deviceModel: ONEPLUS A5000, deviceName: 10986c10, deviceScreenSize: 1080x1920, deviceUDID: 10986c10, javascriptEnabled: true, locationContextEnabled: false, networkConnectionEnabled: true, newCommandTimeout: 180, noReset: true, platform: LINUX, platformName: LINUX, platformVersion: 8.1.0, takesScreenshot: true, warnings: {}, webStorageEnabled: false}
Session ID: e5b03b67-57d3-4b05-a59c-828f7923146f
*** Element info: {Using=xpath, value=//*[android.view.View[contains(@text,'Regular')]]}
at java.base/jdk.internal.reflect.NativeConstructorAccessorImpl.newInstance0(Native Method)
at java.base/jdk.internal.reflect.NativeConstructorAccessorImpl.newInstance(NativeConstructorAccessorImpl.java:62)
at java.base/jdk.internal.reflect.DelegatingConstructorAccessorImpl.newInstance(DelegatingConstructorAccessorImpl.java:45)
at java.base/java.lang.reflect.Constructor.newInstance(Constructor.java:488)
at org.openqa.selenium.remote.ErrorHandler.createThrowable(ErrorHandler.java:214)
at org.openqa.selenium.remote.ErrorHandler.throwIfResponseFailed(ErrorHandler.java:166)
at org.openqa.selenium.remote.http.JsonHttpResponseCodec.reconstructValue(JsonHttpResponseCodec.java:40)
at org.openqa.selenium.remote.http.AbstractHttpResponseCodec.decode(AbstractHttpResponseCodec.java:80)
at org.openqa.selenium.remote.http.AbstractHttpResponseCodec.decode(AbstractHttpResponseCodec.java:44)
at org.openqa.selenium.remote.HttpCommandExecutor.execute(HttpCommandExecutor.java:164)
at io.appium.java_client.remote.AppiumCommandExecutor.execute(AppiumCommandExecutor.java:89)
at org.openqa.selenium.remote.RemoteWebDriver.execute(RemoteWebDriver.java:601)
at io.appium.java_client.DefaultGenericMobileDriver.execute(DefaultGenericMobileDriver.java:42)
at io.appium.java_client.AppiumDriver.execute(AppiumDriver.java:1)
at io.appium.java_client.android.AndroidDriver.execute(AndroidDriver.java:1)
at org.openqa.selenium.remote.RemoteWebDriver.findElement(RemoteWebDriver.java:371)
at io.appium.java_client.DefaultGenericMobileDriver.findElement(DefaultGenericMobileDriver.java:62)
at io.appium.java_client.AppiumDriver.findElement(AppiumDriver.java:1)
at io.appium.java_client.android.AndroidDriver.findElement(AndroidDriver.java:1)
at org.openqa.selenium.remote.RemoteWebDriver.findElementByXPath(RemoteWebDriver.java:473)
at io.appium.java_client.DefaultGenericMobileDriver.findElementByXPath(DefaultGenericMobileDriver.java:140)
at io.appium.java_client.AppiumDriver.findElementByXPath(AppiumDriver.java:1)
at io.appium.java_client.android.AndroidDriver.findElementByXPath(AndroidDriver.java:1)
at org.openqa.selenium.By$ByXPath.findElement(By.java:361)
at org.openqa.selenium.remote.RemoteWebDriver.findElement(RemoteWebDriver.java:363)
at io.appium.java_client.DefaultGenericMobileDriver.findElement(DefaultGenericMobileDriver.java:58)
at io.appium.java_client.AppiumDriver.findElement(AppiumDriver.java:1)
at io.appium.java_client.android.AndroidDriver.findElement(AndroidDriver.java:1)
at TicketSwap.SampleTest.TicketSwapPage.selectRegular(TicketSwapPage.java:186)
at TicketSwap.SampleTest.NewTest.sellTicket(NewTest.java:70)
at java.base/jdk.internal.reflect.NativeMethodAccessorImpl.invoke0(Native Method)
at java.base/jdk.internal.reflect.NativeMethodAccessorImpl.invoke(NativeMethodAccessorImpl.java:62)
at java.base/jdk.internal.reflect.DelegatingMethodAccessorImpl.invoke(DelegatingMethodAccessorImpl.java:43)
at java.base/java.lang.reflect.Method.invoke(Method.java:564)
at org.testng.internal.MethodInvocationHelper.invokeMethod(MethodInvocationHelper.java:124)
at org.testng.internal.Invoker.invokeMethod(Invoker.java:580)
at org.testng.internal.Invoker.invokeTestMethod(Invoker.java:716)
at org.testng.internal.Invoker.invokeTestMethods(Invoker.java:988)
at org.testng.internal.TestMethodWorker.invokeTestMethods(TestMethodWorker.java:125)
at org.testng.internal.TestMethodWorker.run(TestMethodWorker.java:109)
at org.testng.TestRunner.privateRun(TestRunner.java:648)
at org.testng.TestRunner.run(TestRunner.java:505)
at org.testng.SuiteRunner.runTest(SuiteRunner.java:455)
at org.testng.SuiteRunner.runSequentially(SuiteRunner.java:450)
at org.testng.SuiteRunner.privateRun(SuiteRunner.java:415)
at org.testng.SuiteRunner.run(SuiteRunner.java:364)
at org.testng.SuiteRunnerWorker.runSuite(SuiteRunnerWorker.java:52)
at org.testng.SuiteRunnerWorker.run(SuiteRunnerWorker.java:84)
at org.testng.TestNG.runSuitesSequentially(TestNG.java:1208)
at org.testng.TestNG.runSuitesLocally(TestNG.java:1137)
at org.testng.TestNG.runSuites(TestNG.java:1049)
at org.testng.TestNG.run(TestNG.java:1017)
at org.testng.remote.AbstractRemoteTestNG.run(AbstractRemoteTestNG.java:114)
at org.testng.remote.RemoteTestNG.initAndRun(RemoteTestNG.java:251)
at org.testng.remote.RemoteTestNG.main(RemoteTestNG.java:77)
]]>
            </full-stacktrace>
          </exception> <!-- org.openqa.selenium.NoSuchElementException -->
          <reporter-output>
            <line>
              <![CDATA[[Snapshot]:<a href=./screenshots/___Oct_23_2018_08_04_11PM_.png target='_blank'>Click Here</a>]]>
            </line>
          </reporter-output>
        </test-method> <!-- sellTicket -->
        <test-method is-config="true" signature="afterMethod()[pri:0, instance:TicketSwap.SampleTest.NewTest@20ccf40b]" started-at="2018-10-23T14:34:14Z" name="afterMethod" finished-at="2018-10-23T14:34:15Z" duration-ms="992" status="PASS">
          <reporter-output>
          </reporter-output>
        </test-method> <!-- afterMethod -->
        <test-method signature="loginAtTimeOfSellTickets()[pri:0, instance:TicketSwap.SampleTest.NewTest@20ccf40b]" started-at="2018-10-23T14:34:15Z" name="loginAtTimeOfSellTickets" description="//TC-5: For unregistered user, when he taps on &#039;I want to Sell ticket&#039; button, for him login flow should be initiated
	//TC-6: User should be able to enter his email address. And a link should be sent to his email address." finished-at="2018-10-23T14:34:47Z" duration-ms="32166" status="PASS">
          <reporter-output>
          </reporter-output>
        </test-method> <!-- loginAtTimeOfSellTickets -->
        <test-method is-config="true" signature="afterMethod()[pri:0, instance:TicketSwap.SampleTest.NewTest@20ccf40b]" started-at="2018-10-23T14:34:47Z" name="afterMethod" finished-at="2018-10-23T14:34:48Z" duration-ms="816" status="PASS">
          <reporter-output>
          </reporter-output>
        </test-method> <!-- afterMethod -->
        <test-method signature="searchKeyword()[pri:0, instance:TicketSwap.SampleTest.NewTest@20ccf40b]" started-at="2018-10-23T14:34:48Z" name="searchKeyword" description="TC-7: When user searches for any garbage value in search bar, and no matching results are found. He should be shown the empty state of the screen; stating that &#039;No search results found&#039;" finished-at="2018-10-23T14:35:11Z" duration-ms="23199" status="PASS">
          <reporter-output>
          </reporter-output>
        </test-method> <!-- searchKeyword -->
        <test-method is-config="true" signature="afterMethod()[pri:0, instance:TicketSwap.SampleTest.NewTest@20ccf40b]" started-at="2018-10-23T14:35:11Z" name="afterMethod" finished-at="2018-10-23T14:35:12Z" duration-ms="911" status="PASS">
          <reporter-output>
          </reporter-output>
        </test-method> <!-- afterMethod -->
        <test-method is-config="true" signature="afterTest()[pri:0, instance:TicketSwap.SampleTest.NewTest@20ccf40b]" started-at="2018-10-23T14:35:12Z" name="afterTest" finished-at="2018-10-23T14:35:13Z" duration-ms="1024" status="PASS">
          <reporter-output>
          </reporter-output>
        </test-method> <!-- afterTest -->
      </class> <!-- TicketSwap.SampleTest.NewTest -->
    </test> <!-- TicketSwap -->
  </suite> <!-- Tests -->
</testng-results>
